<?xml version="1.0" encoding="UTF-8"?>
<testng-results skipped="0" failed="0" total="1" passed="1">
  <reporter-output>
  </reporter-output>
  <suite name="Default suite" duration-ms="12727" started-at="2018-11-27T16:16:43Z" finished-at="2018-11-27T16:16:56Z">
    <groups>
    </groups>
    <test name="Default test" duration-ms="12727" started-at="2018-11-27T16:16:43Z" finished-at="2018-11-27T16:16:56Z">
      <class name="guru.gittest.MyTest">
        <test-method status="PASS" signature="f()" name="f" duration-ms="12717" started-at="2018-11-27T16:16:43Z" finished-at="2018-11-27T16:16:56Z">
        </test-method>
      </class>
    </test>
  </suite>
</testng-results>
